<?xml version="1.0" encoding="UTF-8"?>
<!-- Generated by org.testng.reporters.JUnitReportReporter -->
<testsuite hostname="LAPTOP-AO4OO2AL" name="testscripts.verifyHomePageTitle" tests="2" failures="0" timestamp="2 Jul 2016 12:17:38 GMT" time="7.165" errors="0">
  <testcase name="fnverifyhomepage" time="5.599" classname="testscripts.verifyHomePageTitle"/>
  <testcase name="fnverifyhomepage" time="1.566" classname="testscripts.verifyHomePageTitle"/>
</testsuite> <!-- testscripts.verifyHomePageTitle -->
